Línea 36: la clase MSAdodcLib.Adodc del control ADODCVENTAS no era una clase de control cargada.
Línea 152: la clase MSAdodcLib.Adodc del control ADODCFACTURAS no era una clase de control cargada.
Línea 42: el nombre de la propiedad _ExtentX de ADODCVENTAS no es válido.
Línea 43: el nombre de la propiedad _ExtentY de ADODCVENTAS no es válido.
Línea 44: el nombre de la propiedad ConnectMode de ADODCVENTAS no es válido.
Línea 45: el nombre de la propiedad CursorLocation de ADODCVENTAS no es válido.
Línea 46: el nombre de la propiedad IsolationLevel de ADODCVENTAS no es válido.
Línea 47: el nombre de la propiedad ConnectionTimeout de ADODCVENTAS no es válido.
Línea 48: el nombre de la propiedad CommandTimeout de ADODCVENTAS no es válido.
Línea 49: el nombre de la propiedad CursorType de ADODCVENTAS no es válido.
Línea 50: el nombre de la propiedad LockType de ADODCVENTAS no es válido.
Línea 51: el nombre de la propiedad CommandType de ADODCVENTAS no es válido.
Línea 52: el nombre de la propiedad CursorOptions de ADODCVENTAS no es válido.
Línea 53: el nombre de la propiedad CacheSize de ADODCVENTAS no es válido.
Línea 54: el nombre de la propiedad MaxRecords de ADODCVENTAS no es válido.
Línea 55: el nombre de la propiedad BOFAction de ADODCVENTAS no es válido.
Línea 56: el nombre de la propiedad EOFAction de ADODCVENTAS no es válido.
Línea 57: el nombre de la propiedad ConnectStringType de ADODCVENTAS no es válido.
Línea 61: el nombre de la propiedad Orientation de ADODCVENTAS no es válido.
Línea 63: el nombre de la propiedad Connect de ADODCVENTAS no es válido.
Línea 64: el nombre de la propiedad OLEDBString de ADODCVENTAS no es válido.
Línea 65: el nombre de la propiedad OLEDBFile de ADODCVENTAS no es válido.
Línea 66: el nombre de la propiedad DataSourceName de ADODCVENTAS no es válido.
Línea 67: el nombre de la propiedad OtherAttributes de ADODCVENTAS no es válido.
Línea 68: el nombre de la propiedad UserName de ADODCVENTAS no es válido.
Línea 69: el nombre de la propiedad Password de ADODCVENTAS no es válido.
Línea 70: el nombre de la propiedad RecordSource de ADODCVENTAS no es válido.
Línea 71: el nombre de la propiedad Caption de ADODCVENTAS no es válido.
Línea 81: el nombre de la propiedad _Version de ADODCVENTAS no es válido.
Línea 158: el nombre de la propiedad _ExtentX de ADODCFACTURAS no es válido.
Línea 159: el nombre de la propiedad _ExtentY de ADODCFACTURAS no es válido.
Línea 160: el nombre de la propiedad ConnectMode de ADODCFACTURAS no es válido.
Línea 161: el nombre de la propiedad CursorLocation de ADODCFACTURAS no es válido.
Línea 162: el nombre de la propiedad IsolationLevel de ADODCFACTURAS no es válido.
Línea 163: el nombre de la propiedad ConnectionTimeout de ADODCFACTURAS no es válido.
Línea 164: el nombre de la propiedad CommandTimeout de ADODCFACTURAS no es válido.
Línea 165: el nombre de la propiedad CursorType de ADODCFACTURAS no es válido.
Línea 166: el nombre de la propiedad LockType de ADODCFACTURAS no es válido.
Línea 167: el nombre de la propiedad CommandType de ADODCFACTURAS no es válido.
Línea 168: el nombre de la propiedad CursorOptions de ADODCFACTURAS no es válido.
Línea 169: el nombre de la propiedad CacheSize de ADODCFACTURAS no es válido.
Línea 170: el nombre de la propiedad MaxRecords de ADODCFACTURAS no es válido.
Línea 171: el nombre de la propiedad BOFAction de ADODCFACTURAS no es válido.
Línea 172: el nombre de la propiedad EOFAction de ADODCFACTURAS no es válido.
Línea 173: el nombre de la propiedad ConnectStringType de ADODCFACTURAS no es válido.
Línea 177: el nombre de la propiedad Orientation de ADODCFACTURAS no es válido.
Línea 179: el nombre de la propiedad Connect de ADODCFACTURAS no es válido.
Línea 180: el nombre de la propiedad OLEDBString de ADODCFACTURAS no es válido.
Línea 181: el nombre de la propiedad OLEDBFile de ADODCFACTURAS no es válido.
Línea 182: el nombre de la propiedad DataSourceName de ADODCFACTURAS no es válido.
Línea 183: el nombre de la propiedad OtherAttributes de ADODCFACTURAS no es válido.
Línea 184: el nombre de la propiedad UserName de ADODCFACTURAS no es válido.
Línea 185: el nombre de la propiedad Password de ADODCFACTURAS no es válido.
Línea 186: el nombre de la propiedad RecordSource de ADODCFACTURAS no es válido.
Línea 187: el nombre de la propiedad Caption de ADODCFACTURAS no es válido.
Línea 197: el nombre de la propiedad _Version de ADODCFACTURAS no es válido.
